6.1s 1 0.00s - Debugger warning: It seems that frozen modules are being used, which may
6.1s 2 0.00s - make the debugger miss breakpoints. Please pass -Xfrozen_modules=off
6.1s 3 0.00s - to python to disable frozen modules.
6.1s 4 0.00s - Note: Debugging will proceed. Set PYDEVD_DISABLE_FILE_VALIDATION=1 to disable this validation.
6.9s 5 0.00s - Debugger warning: It seems that frozen modules are being used, which may
6.9s 6 0.00s - make the debugger miss breakpoints. Please pass -Xfrozen_modules=off
6.9s 7 0.00s - to python to disable frozen modules.
6.9s 8 0.00s - Note: Debugging will proceed. Set PYDEVD_DISABLE_FILE_VALIDATION=1 to disable this validation.
16.2s 9 
16.2s 10 Running Mode: WITHOUT_ATTENTION
31.1s 11 Epoch 1, Loss: 822.5107, Validation Loss: 6.3836
40.5s 12 Epoch 2, Loss: 737.6790, Validation Loss: 6.1903
49.9s 13 Epoch 3, Loss: 698.1954, Validation Loss: 6.0953
59.5s 14 Epoch 4, Loss: 653.7727, Validation Loss: 6.0396
68.9s 15 Epoch 5, Loss: 611.5232, Validation Loss: 5.8121
78.3s 16 Epoch 6, Loss: 567.8876, Validation Loss: 5.6847
87.6s 17 Epoch 7, Loss: 529.1491, Validation Loss: 5.8133
97.2s 18 Epoch 8, Loss: 487.5933, Validation Loss: 5.7557
106.5s 19 Epoch 9, Loss: 447.7969, Validation Loss: 5.6230
115.9s 20 Epoch 10, Loss: 411.7792, Validation Loss: 5.7528
125.4s 21 Epoch 11, Loss: 380.4255, Validation Loss: 5.7848
134.8s 22 Epoch 12, Loss: 344.7298, Validation Loss: 5.6580
144.1s 23 Epoch 13, Loss: 312.3373, Validation Loss: 5.6089
153.6s 24 Epoch 14, Loss: 276.5858, Validation Loss: 5.8167
163.0s 25 Epoch 15, Loss: 246.1038, Validation Loss: 5.8340
172.3s 26 Epoch 16, Loss: 216.2125, Validation Loss: 6.0470
181.7s 27 Epoch 17, Loss: 192.7931, Validation Loss: 6.1177
191.2s 28 Epoch 18, Loss: 169.9787, Validation Loss: 6.1894
200.6s 29 Epoch 19, Loss: 142.7798, Validation Loss: 6.2619
209.9s 30 Epoch 20, Loss: 121.3912, Validation Loss: 6.4010
219.4s 31 Epoch 21, Loss: 99.7213, Validation Loss: 6.0212
228.8s 32 Epoch 22, Loss: 82.4246, Validation Loss: 6.5255
238.2s 33 Epoch 23, Loss: 66.4475, Validation Loss: 6.1607
248.0s 34 Epoch 24, Loss: 54.3694, Validation Loss: 6.1043
257.5s 35 Epoch 25, Loss: 43.9978, Validation Loss: 6.1344
266.9s 36 Epoch 26, Loss: 34.9784, Validation Loss: 6.5158
276.4s 37 Epoch 27, Loss: 26.6942, Validation Loss: 6.1593
286.0s 38 Epoch 28, Loss: 20.7486, Validation Loss: 6.7220
295.4s 39 Epoch 29, Loss: 17.1671, Validation Loss: 6.3911
304.9s 40 Epoch 30, Loss: 14.0670, Validation Loss: 7.1333
314.4s 41 Epoch 31, Loss: 11.8785, Validation Loss: 6.3164
323.8s 42 Epoch 32, Loss: 10.1692, Validation Loss: 7.0509
333.2s 43 Epoch 33, Loss: 8.6517, Validation Loss: 6.2152
342.6s 44 Epoch 34, Loss: 7.9540, Validation Loss: 6.8248
352.2s 45 Epoch 35, Loss: 7.1862, Validation Loss: 7.0080
361.6s 46 Epoch 36, Loss: 6.3945, Validation Loss: 6.8639
371.0s 47 Epoch 37, Loss: 5.6730, Validation Loss: 7.3361
380.5s 48 Epoch 38, Loss: 5.2922, Validation Loss: 7.4902
389.9s 49 Epoch 39, Loss: 5.0835, Validation Loss: 7.0129
399.3s 50 Epoch 40, Loss: 5.0928, Validation Loss: 7.6054
408.8s 51 Epoch 41, Loss: 4.5973, Validation Loss: 7.3996
418.2s 52 Epoch 42, Loss: 4.7517, Validation Loss: 7.7618
427.5s 53 Epoch 43, Loss: 4.9830, Validation Loss: 7.1483
436.9s 54 Epoch 44, Loss: 4.5336, Validation Loss: 7.1943
446.4s 55 Epoch 45, Loss: 4.1979, Validation Loss: 7.0843
455.7s 56 Epoch 46, Loss: 4.6359, Validation Loss: 6.8946
465.1s 57 Epoch 47, Loss: 5.3721, Validation Loss: 6.7050
474.6s 58 Epoch 48, Loss: 5.7072, Validation Loss: 6.9653
484.0s 59 Epoch 49, Loss: 6.1001, Validation Loss: 7.6777
493.4s 60 Epoch 50, Loss: 6.1454, Validation Loss: 8.2101
502.9s 61 Epoch 51, Loss: 5.9876, Validation Loss: 7.3722
512.2s 62 Epoch 52, Loss: 6.1886, Validation Loss: 7.0342
521.6s 63 Epoch 53, Loss: 5.3956, Validation Loss: 7.1582
531.0s 64 Epoch 54, Loss: 5.1841, Validation Loss: 7.0970
540.5s 65 Epoch 55, Loss: 4.4725, Validation Loss: 7.9580
549.8s 66 Epoch 56, Loss: 3.7845, Validation Loss: 7.2043
559.1s 67 Epoch 57, Loss: 3.8981, Validation Loss: 8.4450
568.7s 68 Epoch 58, Loss: 3.5671, Validation Loss: 8.0145
578.0s 69 Epoch 59, Loss: 3.1889, Validation Loss: 7.2123
587.4s 70 Epoch 60, Loss: 3.0955, Validation Loss: 7.9193
597.0s 71 Epoch 61, Loss: 2.9423, Validation Loss: 8.1111
606.3s 72 Epoch 62, Loss: 2.4914, Validation Loss: 7.7752
615.7s 73 Epoch 63, Loss: 2.1430, Validation Loss: 7.2494
625.1s 74 Epoch 64, Loss: 2.1558, Validation Loss: 8.4258
634.6s 75 Epoch 65, Loss: 2.1136, Validation Loss: 7.3387
643.9s 76 Epoch 66, Loss: 1.9580, Validation Loss: 7.6901
653.3s 77 Epoch 67, Loss: 1.8214, Validation Loss: 7.5581
662.8s 78 Epoch 68, Loss: 1.7773, Validation Loss: 7.1827
672.2s 79 Epoch 69, Loss: 1.8749, Validation Loss: 7.3462
681.6s 80 Epoch 70, Loss: 1.8096, Validation Loss: 8.0201
691.0s 81 Epoch 71, Loss: 1.8486, Validation Loss: 7.8182
700.5s 82 Epoch 72, Loss: 1.7317, Validation Loss: 8.0013
709.9s 83 Epoch 73, Loss: 1.7778, Validation Loss: 7.2267
719.3s 84 Epoch 74, Loss: 1.9832, Validation Loss: 8.1494
728.8s 85 Epoch 75, Loss: 1.6709, Validation Loss: 8.4387
738.2s 86 Epoch 76, Loss: 1.6507, Validation Loss: 7.4437
747.6s 87 Epoch 77, Loss: 1.7315, Validation Loss: 7.7024
757.1s 88 Epoch 78, Loss: 1.7945, Validation Loss: 7.1436
766.6s 89 Epoch 79, Loss: 3.1857, Validation Loss: 7.8731
776.0s 90 Epoch 80, Loss: 46.5173, Validation Loss: 7.6897
785.4s 91 Epoch 81, Loss: 37.7486, Validation Loss: 7.4659
795.0s 92 Epoch 82, Loss: 11.2364, Validation Loss: 8.0097
804.4s 93 Epoch 83, Loss: 4.0530, Validation Loss: 7.6598
813.8s 94 Epoch 84, Loss: 2.0237, Validation Loss: 7.5029
823.4s 95 Epoch 85, Loss: 1.7084, Validation Loss: 8.1559
832.8s 96 Epoch 86, Loss: 1.4208, Validation Loss: 8.0230
842.2s 97 Epoch 87, Loss: 1.4637, Validation Loss: 7.8394
851.7s 98 Epoch 88, Loss: 1.2777, Validation Loss: 7.8234
861.0s 99 Epoch 89, Loss: 1.3557, Validation Loss: 7.7317
870.4s 100 Epoch 90, Loss: 1.1907, Validation Loss: 7.6785
879.8s 101 Epoch 91, Loss: 1.2902, Validation Loss: 7.8373
889.3s 102 Epoch 92, Loss: 1.2523, Validation Loss: 8.3677
898.8s 103 Epoch 93, Loss: 1.3389, Validation Loss: 7.5891
908.1s 104 Epoch 94, Loss: 1.3983, Validation Loss: 7.9283
917.6s 105 Epoch 95, Loss: 1.2962, Validation Loss: 7.7867
927.0s 106 Epoch 96, Loss: 1.1685, Validation Loss: 8.5719
936.4s 107 Epoch 97, Loss: 1.2435, Validation Loss: 7.8144
946.1s 108 Epoch 98, Loss: 1.2296, Validation Loss: 7.6691
955.5s 109 Epoch 99, Loss: 1.2651, Validation Loss: 7.6728
964.9s 110 Epoch 100, Loss: 1.1498, Validation Loss: 7.6883
974.4s 111 Epoch 101, Loss: 1.3157, Validation Loss: 8.1228
983.9s 112 Epoch 102, Loss: 1.3929, Validation Loss: 7.4559
993.4s 113 Epoch 103, Loss: 1.1582, Validation Loss: 7.8517
1002.7s 114 Epoch 104, Loss: 1.0925, Validation Loss: 7.9784
1012.2s 115 Epoch 105, Loss: 1.0633, Validation Loss: 7.7980
1021.7s 116 Epoch 106, Loss: 1.0448, Validation Loss: 8.4212
1031.1s 117 Epoch 107, Loss: 1.1666, Validation Loss: 7.4711
1040.6s 118 Epoch 108, Loss: 1.0731, Validation Loss: 8.5978
1050.1s 119 Epoch 109, Loss: 1.0358, Validation Loss: 7.7549
1059.5s 120 Epoch 110, Loss: 1.1284, Validation Loss: 8.2310
1068.9s 121 Epoch 111, Loss: 1.2022, Validation Loss: 8.1161
1078.5s 122 Epoch 112, Loss: 1.1115, Validation Loss: 8.2544
1087.9s 123 Epoch 113, Loss: 1.0603, Validation Loss: 7.6312
1097.4s 124 Epoch 114, Loss: 1.3785, Validation Loss: 8.3003
1107.0s 125 Epoch 115, Loss: 1.0996, Validation Loss: 7.9606
1116.4s 126 Epoch 116, Loss: 1.1600, Validation Loss: 7.7560
1125.8s 127 Epoch 117, Loss: 1.4082, Validation Loss: 8.1860
1135.2s 128 Epoch 118, Loss: 2.0621, Validation Loss: 7.5369
1144.7s 129 Epoch 119, Loss: 21.2989, Validation Loss: 7.6692
1154.1s 130 Epoch 120, Loss: 37.6453, Validation Loss: 7.7382
1163.5s 131 Epoch 121, Loss: 14.2423, Validation Loss: 7.8171
1173.0s 132 Epoch 122, Loss: 3.8341, Validation Loss: 7.3923
1182.4s 133 Epoch 123, Loss: 2.0967, Validation Loss: 7.9566
1191.8s 134 Epoch 124, Loss: 1.5956, Validation Loss: 7.9142
1201.4s 135 Epoch 125, Loss: 1.1536, Validation Loss: 8.1579
1210.8s 136 Epoch 126, Loss: 0.9851, Validation Loss: 7.8984
1220.2s 137 Epoch 127, Loss: 1.1999, Validation Loss: 7.6657
1229.6s 138 Epoch 128, Loss: 1.0947, Validation Loss: 8.0458
1239.1s 139 Epoch 129, Loss: 1.0246, Validation Loss: 8.3203
1248.5s 140 Epoch 130, Loss: 0.9226, Validation Loss: 8.3320
1257.8s 141 Epoch 131, Loss: 1.0159, Validation Loss: 8.4472
1267.3s 142 Epoch 132, Loss: 1.0152, Validation Loss: 7.8193
1276.6s 143 Epoch 133, Loss: 1.0083, Validation Loss: 7.9480
1286.0s 144 Epoch 134, Loss: 0.8591, Validation Loss: 8.1088
1295.5s 145 Epoch 135, Loss: 0.8128, Validation Loss: 8.1214
1304.8s 146 Epoch 136, Loss: 0.8735, Validation Loss: 7.8385
1314.2s 147 Epoch 137, Loss: 0.8147, Validation Loss: 8.3801
1323.6s 148 Epoch 138, Loss: 0.8838, Validation Loss: 7.7803
1333.1s 149 Epoch 139, Loss: 0.8357, Validation Loss: 8.5727
1342.6s 150 Epoch 140, Loss: 0.9748, Validation Loss: 8.1957
1351.9s 151 Epoch 141, Loss: 1.0355, Validation Loss: 7.8732
1361.4s 152 Epoch 142, Loss: 0.9750, Validation Loss: 8.6033
1370.9s 153 Epoch 143, Loss: 0.9805, Validation Loss: 8.2238
1380.3s 154 Epoch 144, Loss: 0.9471, Validation Loss: 8.2507
1390.1s 155 Epoch 145, Loss: 0.9359, Validation Loss: 7.9972
1399.6s 156 Epoch 146, Loss: 1.1037, Validation Loss: 8.3477
1409.0s 157 Epoch 147, Loss: 1.2184, Validation Loss: 8.2871
1418.5s 158 Epoch 148, Loss: 1.1709, Validation Loss: 8.5666
1428.0s 159 Epoch 149, Loss: 1.7303, Validation Loss: 8.8806
1437.5s 160 Epoch 150, Loss: 1.3729, Validation Loss: 8.4528
1447.0s 161 Epoch 151, Loss: 1.2469, Validation Loss: 8.5520
1456.6s 162 Epoch 152, Loss: 1.1444, Validation Loss: 7.8483
1466.0s 163 Epoch 153, Loss: 1.1870, Validation Loss: 9.1694
1475.4s 164 Epoch 154, Loss: 1.2016, Validation Loss: 8.1657
1485.1s 165 Epoch 155, Loss: 1.0293, Validation Loss: 8.1218
1494.5s 166 Epoch 156, Loss: 1.2675, Validation Loss: 8.3556
1503.9s 167 Epoch 157, Loss: 4.3463, Validation Loss: 8.4393
1513.4s 168 Epoch 158, Loss: 19.5873, Validation Loss: 7.9520
1522.9s 169 Epoch 159, Loss: 16.6637, Validation Loss: 7.5643
1532.3s 170 Epoch 160, Loss: 5.7044, Validation Loss: 7.6256
1541.6s 171 Epoch 161, Loss: 2.1983, Validation Loss: 7.8756
1551.2s 172 Epoch 162, Loss: 1.3493, Validation Loss: 8.6355
1560.5s 173 Epoch 163, Loss: 1.0471, Validation Loss: 8.4213
1569.8s 174 Epoch 164, Loss: 0.9320, Validation Loss: 8.0993
1579.3s 175 Epoch 165, Loss: 0.7314, Validation Loss: 8.2523
1588.7s 176 Epoch 166, Loss: 0.7561, Validation Loss: 8.5237
1598.1s 177 Epoch 167, Loss: 0.7458, Validation Loss: 7.6656
1607.4s 178 Epoch 168, Loss: 0.7924, Validation Loss: 8.7988
1616.9s 179 Epoch 169, Loss: 0.8441, Validation Loss: 7.9323
1626.3s 180 Epoch 170, Loss: 0.7278, Validation Loss: 8.4132
1635.7s 181 Epoch 171, Loss: 0.7422, Validation Loss: 9.0507
1645.2s 182 Epoch 172, Loss: 0.8280, Validation Loss: 8.4628
1654.5s 183 Epoch 173, Loss: 0.8153, Validation Loss: 8.7772
1663.9s 184 Epoch 174, Loss: 0.7257, Validation Loss: 7.8798
1673.2s 185 Epoch 175, Loss: 0.7394, Validation Loss: 7.9429
1682.7s 186 Epoch 176, Loss: 0.8322, Validation Loss: 7.9108
1692.1s 187 Epoch 177, Loss: 0.7138, Validation Loss: 9.8336
1701.5s 188 Epoch 178, Loss: 0.7909, Validation Loss: 7.8274
1711.0s 189 Epoch 179, Loss: 0.8925, Validation Loss: 8.7774
1720.4s 190 Epoch 180, Loss: 0.8373, Validation Loss: 8.2051
1729.8s 191 Epoch 181, Loss: 0.8795, Validation Loss: 8.9922
1739.3s 192 Epoch 182, Loss: 1.0729, Validation Loss: 7.9457
1748.7s 193 Epoch 183, Loss: 0.9232, Validation Loss: 8.1664
1758.1s 194 Epoch 184, Loss: 0.9670, Validation Loss: 7.9579
1767.5s 195 Epoch 185, Loss: 0.7646, Validation Loss: 8.3516
1777.0s 196 Epoch 186, Loss: 0.8196, Validation Loss: 8.6004
1786.5s 197 Epoch 187, Loss: 0.5962, Validation Loss: 8.7433
1795.9s 198 Epoch 188, Loss: 0.6685, Validation Loss: 9.2609
1805.4s 199 Epoch 189, Loss: 0.7141, Validation Loss: 9.5443
1814.8s 200 Epoch 190, Loss: 0.7710, Validation Loss: 9.0475
1824.1s 201 Epoch 191, Loss: 0.6506, Validation Loss: 8.6152
1833.7s 202 Epoch 192, Loss: 0.6798, Validation Loss: 8.2280
1843.0s 203 Epoch 193, Loss: 0.6828, Validation Loss: 7.7824
1852.4s 204 Epoch 194, Loss: 0.5505, Validation Loss: 9.3049
1861.7s 205 Epoch 195, Loss: 0.7418, Validation Loss: 8.6095
1871.2s 206 Epoch 196, Loss: 0.6732, Validation Loss: 7.9891
1880.5s 207 Epoch 197, Loss: 0.7689, Validation Loss: 8.8960
1889.9s 208 Epoch 198, Loss: 0.8766, Validation Loss: 9.7600
1899.5s 209 Epoch 199, Loss: 0.7914, Validation Loss: 9.2915
1908.9s 210 Epoch 200, Loss: 2.5623, Validation Loss: 9.2474
1908.9s 211 Translate: soy feliz.
1909.3s 212 BLEU Score: 0.028006512830471748
1909.3s 213 No Attention Visualization (without_attention Mode).
1909.3s 214 
1909.3s 215 Running Mode: BAHDANAU
1922.1s 216 Epoch 1, Loss: 804.5364, Validation Loss: 6.0209
1934.8s 217 Epoch 2, Loss: 650.9303, Validation Loss: 5.6364
1947.4s 218 Epoch 3, Loss: 537.5033, Validation Loss: 5.4203
1960.2s 219 Epoch 4, Loss: 428.9790, Validation Loss: 5.3237
1972.7s 220 Epoch 5, Loss: 330.1283, Validation Loss: 5.4843
1985.3s 221 Epoch 6, Loss: 256.2400, Validation Loss: 5.4112
1998.0s 222 Epoch 7, Loss: 203.5229, Validation Loss: 5.3406
2010.6s 223 Epoch 8, Loss: 169.8324, Validation Loss: 5.4113
2023.4s 224 Epoch 9, Loss: 143.7733, Validation Loss: 5.5564
2035.9s 225 Epoch 10, Loss: 116.0991, Validation Loss: 5.6426
2048.5s 226 Epoch 11, Loss: 95.5544, Validation Loss: 5.3104
2061.1s 227 Epoch 12, Loss: 76.8354, Validation Loss: 5.4271
2073.6s 228 Epoch 13, Loss: 59.9713, Validation Loss: 5.5460
2086.4s 229 Epoch 14, Loss: 47.7507, Validation Loss: 5.6579
2098.8s 230 Epoch 15, Loss: 38.6057, Validation Loss: 5.8561
2111.4s 231 Epoch 16, Loss: 31.4917, Validation Loss: 5.6364
2124.0s 232 Epoch 17, Loss: 25.5114, Validation Loss: 5.6731
2136.5s 233 Epoch 18, Loss: 22.4445, Validation Loss: 6.0188
2149.2s 234 Epoch 19, Loss: 20.1663, Validation Loss: 5.6628
2161.8s 235 Epoch 20, Loss: 17.2315, Validation Loss: 5.8172
2174.3s 236 Epoch 21, Loss: 15.0301, Validation Loss: 6.1124
2187.0s 237 Epoch 22, Loss: 11.9899, Validation Loss: 5.9194
2199.5s 238 Epoch 23, Loss: 10.1081, Validation Loss: 5.5698
2212.1s 239 Epoch 24, Loss: 9.2791, Validation Loss: 5.8994
2224.6s 240 Epoch 25, Loss: 8.0300, Validation Loss: 6.2755
2237.1s 241 Epoch 26, Loss: 6.9031, Validation Loss: 5.9279
2249.7s 242 Epoch 27, Loss: 6.3848, Validation Loss: 6.1068
2262.3s 243 Epoch 28, Loss: 5.7569, Validation Loss: 5.7548
2274.8s 244 Epoch 29, Loss: 5.8033, Validation Loss: 6.3897
2287.4s 245 Epoch 30, Loss: 5.8176, Validation Loss: 5.9606
2299.9s 246 Epoch 31, Loss: 5.8381, Validation Loss: 6.1611
2312.5s 247 Epoch 32, Loss: 6.6445, Validation Loss: 5.9550
2325.0s 248 Epoch 33, Loss: 8.5627, Validation Loss: 5.9771
2337.5s 249 Epoch 34, Loss: 10.5032, Validation Loss: 5.8004
2350.1s 250 Epoch 35, Loss: 11.7872, Validation Loss: 6.0962
2362.7s 251 Epoch 36, Loss: 13.8098, Validation Loss: 6.1633
2375.2s 252 Epoch 37, Loss: 15.9835, Validation Loss: 6.5462
2387.8s 253 Epoch 38, Loss: 17.0596, Validation Loss: 6.3189
2400.3s 254 Epoch 39, Loss: 17.2431, Validation Loss: 6.3754
2412.9s 255 Epoch 40, Loss: 13.8752, Validation Loss: 6.8181
2425.4s 256 Epoch 41, Loss: 10.4355, Validation Loss: 5.8707
2438.0s 257 Epoch 42, Loss: 7.4939, Validation Loss: 6.4340
2450.5s 258 Epoch 43, Loss: 5.3560, Validation Loss: 6.3729
2462.9s 259 Epoch 44, Loss: 4.7245, Validation Loss: 6.6063
2475.5s 260 Epoch 45, Loss: 3.6479, Validation Loss: 5.8939
2488.0s 261 Epoch 46, Loss: 3.2774, Validation Loss: 7.0092
2500.6s 262 Epoch 47, Loss: 2.9713, Validation Loss: 6.1606
2513.1s 263 Epoch 48, Loss: 2.7900, Validation Loss: 7.4037
2525.6s 264 Epoch 49, Loss: 2.8264, Validation Loss: 6.5824
2538.2s 265 Epoch 50, Loss: 2.7268, Validation Loss: 6.4080
2550.7s 266 Epoch 51, Loss: 2.5626, Validation Loss: 6.3273
2563.2s 267 Epoch 52, Loss: 2.5116, Validation Loss: 7.0434
2575.7s 268 Epoch 53, Loss: 2.5237, Validation Loss: 6.4533
2588.2s 269 Epoch 54, Loss: 2.7507, Validation Loss: 6.4529
2600.8s 270 Epoch 55, Loss: 2.7806, Validation Loss: 6.5229
2613.4s 271 Epoch 56, Loss: 2.4306, Validation Loss: 6.8662
2626.0s 272 Epoch 57, Loss: 2.4601, Validation Loss: 5.9556
2638.5s 273 Epoch 58, Loss: 2.5621, Validation Loss: 6.3931
2651.0s 274 Epoch 59, Loss: 2.5414, Validation Loss: 6.8551
2663.6s 275 Epoch 60, Loss: 2.6094, Validation Loss: 6.6138
2676.2s 276 Epoch 61, Loss: 3.7021, Validation Loss: 7.5497
2688.8s 277 Epoch 62, Loss: 23.0745, Validation Loss: 6.0841
2701.3s 278 Epoch 63, Loss: 53.9174, Validation Loss: 6.5110
2713.8s 279 Epoch 64, Loss: 43.5788, Validation Loss: 6.7203
2726.5s 280 Epoch 65, Loss: 22.4585, Validation Loss: 5.8010
2739.0s 281 Epoch 66, Loss: 9.6704, Validation Loss: 6.3925
2751.6s 282 Epoch 67, Loss: 5.3238, Validation Loss: 6.2689
2764.1s 283 Epoch 68, Loss: 3.1537, Validation Loss: 6.2978
2776.5s 284 Epoch 69, Loss: 2.4096, Validation Loss: 6.4042
2789.1s 285 Epoch 70, Loss: 2.1152, Validation Loss: 6.9208
2801.7s 286 Epoch 71, Loss: 1.8589, Validation Loss: 6.9957
2814.3s 287 Epoch 72, Loss: 1.8603, Validation Loss: 6.3151
2826.8s 288 Epoch 73, Loss: 1.8707, Validation Loss: 6.5920
2839.4s 289 Epoch 74, Loss: 1.7065, Validation Loss: 6.5438
2852.0s 290 Epoch 75, Loss: 1.6738, Validation Loss: 6.4131
2864.5s 291 Epoch 76, Loss: 1.6689, Validation Loss: 6.5008
2877.3s 292 Epoch 77, Loss: 1.8095, Validation Loss: 6.7814
2889.8s 293 Epoch 78, Loss: 1.7816, Validation Loss: 7.5114
2902.4s 294 Epoch 79, Loss: 1.8214, Validation Loss: 6.7268
2915.1s 295 Epoch 80, Loss: 1.6193, Validation Loss: 6.6478
2927.5s 296 Epoch 81, Loss: 1.8963, Validation Loss: 6.3485
2940.1s 297 Epoch 82, Loss: 1.7037, Validation Loss: 6.5332
2952.7s 298 Epoch 83, Loss: 1.7512, Validation Loss: 6.5777
2965.2s 299 Epoch 84, Loss: 1.8212, Validation Loss: 6.7592
2977.8s 300 Epoch 85, Loss: 1.8797, Validation Loss: 7.6432
2990.3s 301 Epoch 86, Loss: 1.7891, Validation Loss: 6.5915
3002.8s 302 Epoch 87, Loss: 1.8895, Validation Loss: 6.4659
3015.4s 303 Epoch 88, Loss: 1.8004, Validation Loss: 6.9861
3027.9s 304 Epoch 89, Loss: 1.8273, Validation Loss: 6.4134
3040.5s 305 Epoch 90, Loss: 3.2034, Validation Loss: 6.2001
3053.1s 306 Epoch 91, Loss: 14.4734, Validation Loss: 6.5852
3065.6s 307 Epoch 92, Loss: 29.8261, Validation Loss: 7.1883
3078.2s 308 Epoch 93, Loss: 27.2879, Validation Loss: 6.6265
3090.7s 309 Epoch 94, Loss: 15.8203, Validation Loss: 6.7472
3103.3s 310 Epoch 95, Loss: 7.5563, Validation Loss: 7.0852
3115.8s 311 Epoch 96, Loss: 3.7464, Validation Loss: 7.3313
3128.3s 312 Epoch 97, Loss: 2.3700, Validation Loss: 6.0531
3141.0s 313 Epoch 98, Loss: 1.7516, Validation Loss: 6.8810
3153.4s 314 Epoch 99, Loss: 1.4976, Validation Loss: 7.1096
3166.0s 315 Epoch 100, Loss: 1.3458, Validation Loss: 6.1284
3178.5s 316 Epoch 101, Loss: 1.4394, Validation Loss: 6.5985
3191.0s 317 Epoch 102, Loss: 1.1972, Validation Loss: 7.1422
3203.6s 318 Epoch 103, Loss: 1.2478, Validation Loss: 6.2804
3216.2s 319 Epoch 104, Loss: 1.1619, Validation Loss: 7.3787
3228.8s 320 Epoch 105, Loss: 1.1309, Validation Loss: 6.3534
3241.3s 321 Epoch 106, Loss: 1.1647, Validation Loss: 6.9483
3253.8s 322 Epoch 107, Loss: 1.1750, Validation Loss: 6.5255
3266.4s 323 Epoch 108, Loss: 1.1889, Validation Loss: 6.8598
3278.9s 324 Epoch 109, Loss: 1.0418, Validation Loss: 7.2920
3291.5s 325 Epoch 110, Loss: 1.2693, Validation Loss: 7.2064
3304.0s 326 Epoch 111, Loss: 1.1942, Validation Loss: 6.6824
3316.5s 327 Epoch 112, Loss: 1.2406, Validation Loss: 7.0330
3329.1s 328 Epoch 113, Loss: 1.4105, Validation Loss: 7.4785
3341.6s 329 Epoch 114, Loss: 1.4595, Validation Loss: 7.6957
3354.3s 330 Epoch 115, Loss: 1.5832, Validation Loss: 6.6792
3366.8s 331 Epoch 116, Loss: 1.6599, Validation Loss: 7.8864
3379.3s 332 Epoch 117, Loss: 1.6511, Validation Loss: 7.4482
3391.9s 333 Epoch 118, Loss: 1.8133, Validation Loss: 7.4331
3404.5s 334 Epoch 119, Loss: 2.4388, Validation Loss: 7.9960
3417.1s 335 Epoch 120, Loss: 5.1884, Validation Loss: 7.3713
3429.6s 336 Epoch 121, Loss: 16.9853, Validation Loss: 6.8003
3442.2s 337 Epoch 122, Loss: 22.9028, Validation Loss: 6.8119
3454.8s 338 Epoch 123, Loss: 16.4674, Validation Loss: 6.3229
3467.3s 339 Epoch 124, Loss: 7.5361, Validation Loss: 7.1838
3479.9s 340 Epoch 125, Loss: 3.8268, Validation Loss: 6.6877
3492.3s 341 Epoch 126, Loss: 2.0812, Validation Loss: 7.9545
3504.9s 342 Epoch 127, Loss: 1.4024, Validation Loss: 7.2846
3517.5s 343 Epoch 128, Loss: 1.1425, Validation Loss: 6.6662
3530.0s 344 Epoch 129, Loss: 1.0036, Validation Loss: 6.3183
3542.6s 345 Epoch 130, Loss: 1.0301, Validation Loss: 6.9312
3555.2s 346 Epoch 131, Loss: 0.9705, Validation Loss: 7.0323
3567.7s 347 Epoch 132, Loss: 0.9183, Validation Loss: 6.5509
3580.3s 348 Epoch 133, Loss: 0.9903, Validation Loss: 7.4262
3592.8s 349 Epoch 134, Loss: 1.0331, Validation Loss: 6.9124
3605.4s 350 Epoch 135, Loss: 0.9281, Validation Loss: 7.2363
3618.0s 351 Epoch 136, Loss: 1.0908, Validation Loss: 7.2008
3630.5s 352 Epoch 137, Loss: 0.9911, Validation Loss: 6.4411
3643.1s 353 Epoch 138, Loss: 0.9112, Validation Loss: 7.5740
3655.6s 354 Epoch 139, Loss: 0.9608, Validation Loss: 6.7126
3668.3s 355 Epoch 140, Loss: 0.8678, Validation Loss: 7.5777
3680.8s 356 Epoch 141, Loss: 0.9540, Validation Loss: 7.0825
3693.3s 357 Epoch 142, Loss: 1.0233, Validation Loss: 7.0483
3705.9s 358 Epoch 143, Loss: 0.9185, Validation Loss: 7.9072
3718.4s 359 Epoch 144, Loss: 1.0351, Validation Loss: 7.4103
3731.1s 360 Epoch 145, Loss: 0.9183, Validation Loss: 7.0500
3743.7s 361 Epoch 146, Loss: 0.9902, Validation Loss: 8.0032
3756.2s 362 Epoch 147, Loss: 1.1281, Validation Loss: 7.2013
3768.8s 363 Epoch 148, Loss: 1.1946, Validation Loss: 6.7848
3781.4s 364 Epoch 149, Loss: 1.6416, Validation Loss: 7.4031
3794.0s 365 Epoch 150, Loss: 2.9670, Validation Loss: 6.9549
3806.5s 366 Epoch 151, Loss: 11.9423, Validation Loss: 6.7100
3819.0s 367 Epoch 152, Loss: 21.0220, Validation Loss: 7.5533
3831.6s 368 Epoch 153, Loss: 16.6845, Validation Loss: 6.9218
3844.1s 369 Epoch 154, Loss: 7.7376, Validation Loss: 6.7084
3856.7s 370 Epoch 155, Loss: 4.0855, Validation Loss: 7.8840
3869.2s 371 Epoch 156, Loss: 2.1482, Validation Loss: 7.0098
3881.8s 372 Epoch 157, Loss: 1.2968, Validation Loss: 7.1142
3894.5s 373 Epoch 158, Loss: 0.9390, Validation Loss: 7.3234
3907.0s 374 Epoch 159, Loss: 0.8073, Validation Loss: 6.9469
3919.4s 375 Epoch 160, Loss: 0.8637, Validation Loss: 7.0887
3932.1s 376 Epoch 161, Loss: 0.7590, Validation Loss: 6.8049
3944.5s 377 Epoch 162, Loss: 0.7131, Validation Loss: 8.1002
3957.2s 378 Epoch 163, Loss: 0.8322, Validation Loss: 7.6161
3969.7s 379 Epoch 164, Loss: 0.7199, Validation Loss: 6.9022
3982.2s 380 Epoch 165, Loss: 0.7489, Validation Loss: 7.1440
3994.9s 381 Epoch 166, Loss: 0.7849, Validation Loss: 7.6339
4007.4s 382 Epoch 167, Loss: 0.7155, Validation Loss: 7.4079
4020.1s 383 Epoch 168, Loss: 0.7500, Validation Loss: 6.5086
4032.6s 384 Epoch 169, Loss: 0.8106, Validation Loss: 7.8179
4045.2s 385 Epoch 170, Loss: 0.6803, Validation Loss: 7.1493
4057.8s 386 Epoch 171, Loss: 0.7912, Validation Loss: 7.1075
4070.3s 387 Epoch 172, Loss: 0.6864, Validation Loss: 7.3864
4083.0s 388 Epoch 173, Loss: 0.7489, Validation Loss: 6.9142
4095.5s 389 Epoch 174, Loss: 0.6578, Validation Loss: 7.4302
4108.0s 390 Epoch 175, Loss: 0.7082, Validation Loss: 6.8762
4120.6s 391 Epoch 176, Loss: 0.7441, Validation Loss: 7.2638
4133.1s 392 Epoch 177, Loss: 0.6716, Validation Loss: 6.9788
4145.7s 393 Epoch 178, Loss: 0.6663, Validation Loss: 6.9331
4158.2s 394 Epoch 179, Loss: 0.8083, Validation Loss: 7.4019
4170.7s 395 Epoch 180, Loss: 1.2265, Validation Loss: 6.6441
4183.3s 396 Epoch 181, Loss: 1.3658, Validation Loss: 7.0619
4195.9s 397 Epoch 182, Loss: 1.2301, Validation Loss: 7.6619
4208.4s 398 Epoch 183, Loss: 1.9114, Validation Loss: 7.2937
4220.9s 399 Epoch 184, Loss: 5.0890, Validation Loss: 6.7905
4233.5s 400 Epoch 185, Loss: 14.4885, Validation Loss: 6.7711
4246.1s 401 Epoch 186, Loss: 17.4124, Validation Loss: 7.1001
4258.6s 402 Epoch 187, Loss: 9.7343, Validation Loss: 7.7234
4271.2s 403 Epoch 188, Loss: 3.7965, Validation Loss: 7.2497
4283.7s 404 Epoch 189, Loss: 1.7989, Validation Loss: 7.8690
4296.2s 405 Epoch 190, Loss: 0.9359, Validation Loss: 7.9377
4308.8s 406 Epoch 191, Loss: 0.7846, Validation Loss: 7.1237
4321.3s 407 Epoch 192, Loss: 0.8227, Validation Loss: 6.9132
4333.9s 408 Epoch 193, Loss: 0.6806, Validation Loss: 7.2859
4346.4s 409 Epoch 194, Loss: 0.5836, Validation Loss: 7.2930
4358.9s 410 Epoch 195, Loss: 0.5469, Validation Loss: 8.0252
4371.6s 411 Epoch 196, Loss: 0.6321, Validation Loss: 7.6558
4384.2s 412 Epoch 197, Loss: 0.6173, Validation Loss: 7.6604
4396.8s 413 Epoch 198, Loss: 0.6707, Validation Loss: 7.1505
4409.3s 414 Epoch 199, Loss: 0.6156, Validation Loss: 7.3575
4421.8s 415 Epoch 200, Loss: 0.6038, Validation Loss: 7.8913
4421.8s 416 Translate: yo estoy feliz.
4422.4s 417 BLEU Score: 0.033397153764017085
4422.7s 418 
4422.7s 419 Running Mode: LUONG
4434.9s 420 Epoch 1, Loss: 806.2103, Validation Loss: 5.9302
4446.8s 421 Epoch 2, Loss: 663.5737, Validation Loss: 5.5763
4459.0s 422 Epoch 3, Loss: 562.0512, Validation Loss: 5.4633
4470.8s 423 Epoch 4, Loss: 462.7519, Validation Loss: 5.2301
4482.8s 424 Epoch 5, Loss: 370.6600, Validation Loss: 5.2908
4494.9s 425 Epoch 6, Loss: 291.8681, Validation Loss: 5.1756
4506.8s 426 Epoch 7, Loss: 241.3490, Validation Loss: 5.2379
4518.7s 427 Epoch 8, Loss: 197.9924, Validation Loss: 5.3238
4530.8s 428 Epoch 9, Loss: 168.1555, Validation Loss: 5.2132
4542.7s 429 Epoch 10, Loss: 145.1157, Validation Loss: 5.2971
4554.7s 430 Epoch 11, Loss: 124.3286, Validation Loss: 5.4227
4566.7s 431 Epoch 12, Loss: 100.0165, Validation Loss: 5.2511
4578.6s 432 Epoch 13, Loss: 87.5815, Validation Loss: 5.2776
4590.6s 433 Epoch 14, Loss: 74.1513, Validation Loss: 5.0971
4602.6s 434 Epoch 15, Loss: 62.6781, Validation Loss: 5.5479
4614.4s 435 Epoch 16, Loss: 52.8830, Validation Loss: 5.4224
4626.5s 436 Epoch 17, Loss: 46.2077, Validation Loss: 5.4449
4638.4s 437 Epoch 18, Loss: 41.1808, Validation Loss: 5.4822
4650.5s 438 Epoch 19, Loss: 35.2117, Validation Loss: 5.5311
4662.4s 439 Epoch 20, Loss: 29.6741, Validation Loss: 5.4195
4674.3s 440 Epoch 21, Loss: 27.0739, Validation Loss: 6.0094
4686.4s 441 Epoch 22, Loss: 22.8516, Validation Loss: 5.6991
4698.3s 442 Epoch 23, Loss: 17.8297, Validation Loss: 5.6881
4710.2s 443 Epoch 24, Loss: 15.0707, Validation Loss: 5.5895
4722.3s 444 Epoch 25, Loss: 13.6053, Validation Loss: 5.6235
4734.2s 445 Epoch 26, Loss: 13.2766, Validation Loss: 5.9778
4746.3s 446 Epoch 27, Loss: 12.7028, Validation Loss: 6.3980
4758.2s 447 Epoch 28, Loss: 13.8795, Validation Loss: 5.7745
4770.1s 448 Epoch 29, Loss: 12.6381, Validation Loss: 6.2432
4782.1s 449 Epoch 30, Loss: 16.8283, Validation Loss: 6.0433
4794.0s 450 Epoch 31, Loss: 16.9661, Validation Loss: 5.8596
4806.0s 451 Epoch 32, Loss: 15.9434, Validation Loss: 6.0980
4818.0s 452 Epoch 33, Loss: 12.4612, Validation Loss: 6.1010
4829.9s 453 Epoch 34, Loss: 12.0977, Validation Loss: 6.0904
4841.9s 454 Epoch 35, Loss: 9.7782, Validation Loss: 6.5683
4853.9s 455 Epoch 36, Loss: 9.6154, Validation Loss: 5.9000
4865.8s 456 Epoch 37, Loss: 9.4290, Validation Loss: 6.5218
4877.9s 457 Epoch 38, Loss: 9.7491, Validation Loss: 6.3111
4889.8s 458 Epoch 39, Loss: 10.3569, Validation Loss: 6.2760
4901.8s 459 Epoch 40, Loss: 7.9888, Validation Loss: 6.2327
4913.8s 460 Epoch 41, Loss: 6.3279, Validation Loss: 6.3458
4925.8s 461 Epoch 42, Loss: 6.8244, Validation Loss: 6.7200
4937.8s 462 Epoch 43, Loss: 6.8783, Validation Loss: 6.7233
4949.7s 463 Epoch 44, Loss: 6.9987, Validation Loss: 6.5317
4961.7s 464 Epoch 45, Loss: 7.4381, Validation Loss: 6.7201
4973.7s 465 Epoch 46, Loss: 6.3025, Validation Loss: 7.3201
4985.6s 466 Epoch 47, Loss: 8.7228, Validation Loss: 6.4088
4997.7s 467 Epoch 48, Loss: 7.7675, Validation Loss: 5.9029
5009.6s 468 Epoch 49, Loss: 9.4778, Validation Loss: 6.1185
5021.5s 469 Epoch 50, Loss: 11.2003, Validation Loss: 6.3042
5033.5s 470 Epoch 51, Loss: 9.6165, Validation Loss: 6.3392
5045.5s 471 Epoch 52, Loss: 9.0753, Validation Loss: 6.3646
5057.4s 472 Epoch 53, Loss: 8.8457, Validation Loss: 6.3484
5069.5s 473 Epoch 54, Loss: 7.1656, Validation Loss: 6.4743
5081.5s 474 Epoch 55, Loss: 5.9597, Validation Loss: 6.4944
5093.6s 475 Epoch 56, Loss: 5.1728, Validation Loss: 6.8245
5105.6s 476 Epoch 57, Loss: 5.6950, Validation Loss: 6.9725
5117.5s 477 Epoch 58, Loss: 6.9569, Validation Loss: 6.7158
5129.5s 478 Epoch 59, Loss: 8.9408, Validation Loss: 7.0721
5141.5s 479 Epoch 60, Loss: 10.7256, Validation Loss: 6.2984
5153.5s 480 Epoch 61, Loss: 12.0384, Validation Loss: 6.2854
5165.5s 481 Epoch 62, Loss: 11.9470, Validation Loss: 7.1748
5177.4s 482 Epoch 63, Loss: 11.5136, Validation Loss: 6.6675
5189.5s 483 Epoch 64, Loss: 10.8444, Validation Loss: 6.6999
5201.4s 484 Epoch 65, Loss: 9.2051, Validation Loss: 6.3685
5213.4s 485 Epoch 66, Loss: 6.1065, Validation Loss: 6.7483
5225.4s 486 Epoch 67, Loss: 4.2932, Validation Loss: 7.6399
5237.3s 487 Epoch 68, Loss: 3.5287, Validation Loss: 6.5663
5249.4s 488 Epoch 69, Loss: 3.0086, Validation Loss: 7.2361
5261.3s 489 Epoch 70, Loss: 2.5482, Validation Loss: 6.7305
5273.2s 490 Epoch 71, Loss: 2.7315, Validation Loss: 6.9183
5285.3s 491 Epoch 72, Loss: 4.4347, Validation Loss: 6.2460
5297.2s 492 Epoch 73, Loss: 7.8230, Validation Loss: 6.7656
5309.1s 493 Epoch 74, Loss: 11.9186, Validation Loss: 7.5612
5321.3s 494 Epoch 75, Loss: 10.8474, Validation Loss: 6.9895
5333.2s 495 Epoch 76, Loss: 10.2835, Validation Loss: 6.9456
5345.3s 496 Epoch 77, Loss: 8.2963, Validation Loss: 7.2763
5357.2s 497 Epoch 78, Loss: 6.7304, Validation Loss: 6.8052
5369.1s 498 Epoch 79, Loss: 7.1768, Validation Loss: 7.0423
5381.2s 499 Epoch 80, Loss: 4.8592, Validation Loss: 6.7146
5393.2s 500 Epoch 81, Loss: 3.2193, Validation Loss: 6.9225
5405.1s 501 Epoch 82, Loss: 2.6404, Validation Loss: 6.3158
5417.2s 502 Epoch 83, Loss: 2.6252, Validation Loss: 7.3031
5429.1s 503 Epoch 84, Loss: 2.2160, Validation Loss: 6.9370
5441.2s 504 Epoch 85, Loss: 2.2921, Validation Loss: 7.8427
5453.1s 505 Epoch 86, Loss: 1.9710, Validation Loss: 6.6388
5465.0s 506 Epoch 87, Loss: 2.0368, Validation Loss: 6.9240
5477.0s 507 Epoch 88, Loss: 2.1119, Validation Loss: 7.0238
5488.9s 508 Epoch 89, Loss: 1.8618, Validation Loss: 6.4172
5500.8s 509 Epoch 90, Loss: 1.7416, Validation Loss: 7.0997
5512.9s 510 Epoch 91, Loss: 1.9529, Validation Loss: 6.7911
5524.8s 511 Epoch 92, Loss: 1.9326, Validation Loss: 6.8310
5536.9s 512 Epoch 93, Loss: 1.9503, Validation Loss: 6.7468
5548.8s 513 Epoch 94, Loss: 1.9732, Validation Loss: 6.9380
5560.7s 514 Epoch 95, Loss: 1.9276, Validation Loss: 6.5950
5572.8s 515 Epoch 96, Loss: 2.4823, Validation Loss: 6.5669
5584.7s 516 Epoch 97, Loss: 7.7230, Validation Loss: 6.7391
5596.6s 517 Epoch 98, Loss: 18.2658, Validation Loss: 6.8756
5608.7s 518 Epoch 99, Loss: 32.3846, Validation Loss: 7.2961
5620.6s 519 Epoch 100, Loss: 31.1143, Validation Loss: 6.5632
5632.7s 520 Epoch 101, Loss: 16.3644, Validation Loss: 7.6362
5644.7s 521 Epoch 102, Loss: 7.0461, Validation Loss: 7.4321
5656.6s 522 Epoch 103, Loss: 4.4758, Validation Loss: 7.2763
5668.7s 523 Epoch 104, Loss: 3.6122, Validation Loss: 7.3227
5680.7s 524 Epoch 105, Loss: 3.0416, Validation Loss: 7.3363
5692.8s 525 Epoch 106, Loss: 2.4445, Validation Loss: 6.5352
5704.7s 526 Epoch 107, Loss: 1.9660, Validation Loss: 7.1308
5716.7s 527 Epoch 108, Loss: 2.0392, Validation Loss: 6.7141
5728.7s 528 Epoch 109, Loss: 1.9443, Validation Loss: 7.0443
5740.6s 529 Epoch 110, Loss: 1.5910, Validation Loss: 7.0641
5752.5s 530 Epoch 111, Loss: 1.7338, Validation Loss: 6.9425
5764.5s 531 Epoch 112, Loss: 1.7083, Validation Loss: 7.1053
5776.5s 532 Epoch 113, Loss: 1.7313, Validation Loss: 7.6352
5788.6s 533 Epoch 114, Loss: 1.5585, Validation Loss: 7.3102
5800.5s 534 Epoch 115, Loss: 1.6761, Validation Loss: 7.1121
5812.5s 535 Epoch 116, Loss: 1.5241, Validation Loss: 7.3881
5824.6s 536 Epoch 117, Loss: 1.5585, Validation Loss: 6.4595
5836.6s 537 Epoch 118, Loss: 1.6238, Validation Loss: 6.7162
5848.6s 538 Epoch 119, Loss: 1.6692, Validation Loss: 6.9212
5860.6s 539 Epoch 120, Loss: 1.6484, Validation Loss: 6.7902
5872.6s 540 Epoch 121, Loss: 1.7410, Validation Loss: 7.0479
5884.6s 541 Epoch 122, Loss: 1.6740, Validation Loss: 7.5086
5896.7s 542 Epoch 123, Loss: 1.5893, Validation Loss: 7.0736
5908.6s 543 Epoch 124, Loss: 1.6542, Validation Loss: 7.1681
5920.7s 544 Epoch 125, Loss: 1.6436, Validation Loss: 7.3864
5932.7s 545 Epoch 126, Loss: 1.4958, Validation Loss: 6.5575
5944.7s 546 Epoch 127, Loss: 2.9195, Validation Loss: 7.4771
5956.7s 547 Epoch 128, Loss: 15.1327, Validation Loss: 7.5571
5968.6s 548 Epoch 129, Loss: 30.1789, Validation Loss: 7.9539
5980.7s 549 Epoch 130, Loss: 27.8799, Validation Loss: 6.8899
5992.7s 550 Epoch 131, Loss: 14.8365, Validation Loss: 6.6205
6004.6s 551 Epoch 132, Loss: 6.4373, Validation Loss: 6.6004
6016.6s 552 Epoch 133, Loss: 3.6925, Validation Loss: 7.0136
6028.6s 553 Epoch 134, Loss: 3.4253, Validation Loss: 7.1245
6040.8s 554 Epoch 135, Loss: 3.4036, Validation Loss: 7.0902
6052.7s 555 Epoch 136, Loss: 3.0707, Validation Loss: 7.3064
6064.7s 556 Epoch 137, Loss: 2.2265, Validation Loss: 7.1551
6076.7s 557 Epoch 138, Loss: 1.9637, Validation Loss: 6.7074
6088.6s 558 Epoch 139, Loss: 1.7610, Validation Loss: 7.2228
6100.5s 559 Epoch 140, Loss: 1.6644, Validation Loss: 7.1965
6112.6s 560 Epoch 141, Loss: 1.6661, Validation Loss: 7.4677
6124.5s 561 Epoch 142, Loss: 1.5802, Validation Loss: 7.3985
6136.5s 562 Epoch 143, Loss: 1.4084, Validation Loss: 6.9627
6148.4s 563 Epoch 144, Loss: 1.5662, Validation Loss: 7.6076
6160.4s 564 Epoch 145, Loss: 1.4449, Validation Loss: 7.4323
6172.4s 565 Epoch 146, Loss: 1.6077, Validation Loss: 7.2057
6184.4s 566 Epoch 147, Loss: 1.4183, Validation Loss: 7.0147
6196.3s 567 Epoch 148, Loss: 1.4817, Validation Loss: 7.4266
6208.4s 568 Epoch 149, Loss: 1.3924, Validation Loss: 7.7559
6220.3s 569 Epoch 150, Loss: 1.5077, Validation Loss: 6.7331
6232.3s 570 Epoch 151, Loss: 3.0051, Validation Loss: 7.2977
6244.3s 571 Epoch 152, Loss: 10.9267, Validation Loss: 6.8925
6256.2s 572 Epoch 153, Loss: 17.6617, Validation Loss: 6.9941
6268.2s 573 Epoch 154, Loss: 14.6240, Validation Loss: 6.8009
6280.1s 574 Epoch 155, Loss: 9.2363, Validation Loss: 7.2682
6292.1s 575 Epoch 156, Loss: 5.5708, Validation Loss: 7.4827
6304.1s 576 Epoch 157, Loss: 4.0924, Validation Loss: 7.1190
6316.0s 577 Epoch 158, Loss: 2.9502, Validation Loss: 7.1463
6328.1s 578 Epoch 159, Loss: 2.0420, Validation Loss: 7.2124
6340.0s 579 Epoch 160, Loss: 1.7477, Validation Loss: 6.5661
6352.0s 580 Epoch 161, Loss: 1.4408, Validation Loss: 6.7096
6364.0s 581 Epoch 162, Loss: 1.4101, Validation Loss: 8.1580
6375.9s 582 Epoch 163, Loss: 1.4721, Validation Loss: 7.4198
6388.0s 583 Epoch 164, Loss: 1.3976, Validation Loss: 7.0471
6400.0s 584 Epoch 165, Loss: 1.3889, Validation Loss: 6.8894
6411.9s 585 Epoch 166, Loss: 1.2955, Validation Loss: 7.5739
6423.9s 586 Epoch 167, Loss: 1.1878, Validation Loss: 7.5374
6435.9s 587 Epoch 168, Loss: 1.2745, Validation Loss: 8.3794
6447.8s 588 Epoch 169, Loss: 1.3279, Validation Loss: 8.3528
6459.8s 589 Epoch 170, Loss: 1.5586, Validation Loss: 6.8381
6471.8s 590 Epoch 171, Loss: 1.5394, Validation Loss: 8.0754
6483.8s 591 Epoch 172, Loss: 1.5938, Validation Loss: 7.6245
6495.6s 592 Epoch 173, Loss: 1.4350, Validation Loss: 7.5158
6507.4s 593 Epoch 174, Loss: 1.5413, Validation Loss: 7.3657
6519.1s 594 Epoch 175, Loss: 1.4743, Validation Loss: 7.7351
6530.9s 595 Epoch 176, Loss: 1.5211, Validation Loss: 7.5400
6542.6s 596 Epoch 177, Loss: 1.8162, Validation Loss: 6.9942
6554.5s 597 Epoch 178, Loss: 4.3327, Validation Loss: 7.0009
6566.2s 598 Epoch 179, Loss: 14.6285, Validation Loss: 7.2474
6578.2s 599 Epoch 180, Loss: 18.2562, Validation Loss: 6.8096
6590.0s 600 Epoch 181, Loss: 12.7229, Validation Loss: 7.3990
6601.8s 601 Epoch 182, Loss: 8.1224, Validation Loss: 7.3283
6613.8s 602 Epoch 183, Loss: 5.5313, Validation Loss: 7.5652
6625.6s 603 Epoch 184, Loss: 3.3746, Validation Loss: 6.9359
6637.3s 604 Epoch 185, Loss: 2.3572, Validation Loss: 7.6944
6649.2s 605 Epoch 186, Loss: 1.6085, Validation Loss: 7.2695
6661.0s 606 Epoch 187, Loss: 1.4915, Validation Loss: 7.6700
6672.9s 607 Epoch 188, Loss: 1.5393, Validation Loss: 7.2803
6684.7s 608 Epoch 189, Loss: 1.5217, Validation Loss: 7.5841
6696.5s 609 Epoch 190, Loss: 1.2373, Validation Loss: 7.7044
6708.6s 610 Epoch 191, Loss: 1.1591, Validation Loss: 7.0231
6720.4s 611 Epoch 192, Loss: 1.0479, Validation Loss: 7.1420
6732.2s 612 Epoch 193, Loss: 1.1806, Validation Loss: 7.2073
6744.0s 613 Epoch 194, Loss: 0.9937, Validation Loss: 7.7399
6755.9s 614 Epoch 195, Loss: 1.1905, Validation Loss: 6.8165
6767.8s 615 Epoch 196, Loss: 1.0277, Validation Loss: 7.7353
6779.6s 616 Epoch 197, Loss: 1.0935, Validation Loss: 7.0341
6791.4s 617 Epoch 198, Loss: 1.1751, Validation Loss: 7.5615
6803.3s 618 Epoch 199, Loss: 0.9698, Validation Loss: 7.0440
6815.1s 619 Epoch 200, Loss: 0.9963, Validation Loss: 7.1885
6815.1s 620 Translate: soy bueno feliz.
6815.6s 621 BLEU Score: 0.04331289550939456
6820.2s 622 /usr/local/lib/python3.11/dist-packages/traitlets/traitlets.py:2915: FutureWarning: --Exporter.preprocessors=["remove_papermill_header.RemovePapermillHeader"] for containers is deprecated in traitlets 5.0. You can pass `--Exporter.preprocessors item` ... multiple times to add items to a list.
6820.2s 623 warn(
6820.2s 624 [NbConvertApp] Converting notebook __notebook__.ipynb to notebook
6820.6s 625 [NbConvertApp] Writing 118091 bytes to __notebook__.ipynb
6821.9s 626 /usr/local/lib/python3.11/dist-packages/traitlets/traitlets.py:2915: FutureWarning: --Exporter.preprocessors=["nbconvert.preprocessors.ExtractOutputPreprocessor"] for containers is deprecated in traitlets 5.0. You can pass `--Exporter.preprocessors item` ... multiple times to add items to a list.
6821.9s 627 warn(
6821.9s 628 [NbConvertApp] Converting notebook __notebook__.ipynb to html
6822.6s 629 [NbConvertApp] Support files will be in __results___files/
6822.6s 630 [NbConvertApp] Making directory __results___files
6822.6s 631 [NbConvertApp] Making directory __results___files
6822.6s 632 [NbConvertApp] Writing 370019 bytes to __results__.html